0 info it worked if it ends with ok
1 verbose cli [ '/usr/local/bin/node', '/usr/local/bin/npm', 'start' ]
2 info using npm@2.15.1
3 info using node@v4.4.4
4 verbose run-script [ 'prestart', 'start', 'poststart' ]
5 info prestart ionic_test@1.0.0
6 info start ionic_test@1.0.0
7 verbose unsafe-perm in lifecycle true
8 info ionic_test@1.0.0 Failed to exec start script
9 verbose stack Error: ionic_test@1.0.0 start: `webpack-dev-server --hot`
9 verbose stack spawn ENOENT
9 verbose stack     at ChildProcess.<anonymous> (/usr/local/lib/node_modules/npm/lib/utils/spawn.js:17:16)
9 verbose stack     at emitTwo (events.js:87:13)
9 verbose stack     at ChildProcess.emit (events.js:172:7)
9 verbose stack     at maybeClose (internal/child_process.js:827:16)
9 verbose stack     at Process.ChildProcess._handle.onexit (internal/child_process.js:211:5)
10 verbose pkgid ionic_test@1.0.0
11 verbose cwd /Users/kevinmccarthy/Google Drive/Coding/makers/final-project/intro-game
12 error Darwin 15.2.0
13 error argv "/usr/local/bin/node" "/usr/local/bin/npm" "start"
14 error node v4.4.4
15 error npm  v2.15.1
16 error file sh
17 error code ELIFECYCLE
18 error errno ENOENT
19 error syscall spawn
20 error ionic_test@1.0.0 start: `webpack-dev-server --hot`
20 error spawn ENOENT
21 error Failed at the ionic_test@1.0.0 start script 'webpack-dev-server --hot'.
21 error This is most likely a problem with the ionic_test package,
21 error not with npm itself.
21 error Tell the author that this fails on your system:
21 error     webpack-dev-server --hot
21 error You can get information on how to open an issue for this project with:
21 error     npm bugs ionic_test
21 error Or if that isn't available, you can get their info via:
21 error
21 error     npm owner ls ionic_test
21 error There is likely additional logging output above.
22 verbose exit [ 1, true ]
